0 info it worked if it ends with ok
1 verbose cli [ 'C:\\Programs\\Dev\\nodejs\\node.exe',
1 verbose cli   'f:\\iotize-projects\\device-api.js\\packages\\device-com-wifi.cordova\\node_modules\\npm\\bin\\npm-cli.js',
1 verbose cli   'run',
1 verbose cli   'build' ]
2 info using npm@2.15.12
3 info using node@v10.16.0
4 warn invalid config loglevel="notice"
5 verbose run-script [ 'prebuild', 'build', 'postbuild' ]
6 info prebuild @iotize/device-com-wifi.cordova@0.0.1-alpha.1
7 info build @iotize/device-com-wifi.cordova@0.0.1-alpha.1
8 verbose unsafe-perm in lifecycle true
9 info @iotize/device-com-wifi.cordova@0.0.1-alpha.1 Failed to exec build script
10 verbose stack Error: @iotize/device-com-wifi.cordova@0.0.1-alpha.1 build: `npm run clean && npm run build:ts && npm run build:webpack`
10 verbose stack Exit status 1
10 verbose stack     at EventEmitter.<anonymous> (f:\iotize-projects\device-api.js\packages\device-com-wifi.cordova\node_modules\npm\lib\utils\lifecycle.js:217:16)
10 verbose stack     at EventEmitter.emit (events.js:198:13)
10 verbose stack     at ChildProcess.<anonymous> (f:\iotize-projects\device-api.js\packages\device-com-wifi.cordova\node_modules\npm\lib\utils\spawn.js:24:14)
10 verbose stack     at ChildProcess.emit (events.js:198:13)
10 verbose stack     at maybeClose (internal/child_process.js:982:16)
10 verbose stack     at Process.ChildProcess._handle.onexit (internal/child_process.js:259:5)
11 verbose pkgid @iotize/device-com-wifi.cordova@0.0.1-alpha.1
12 verbose cwd f:\iotize-projects\device-api.js\packages\device-com-wifi.cordova
13 error Windows_NT 10.0.17134
14 error argv "C:\\Programs\\Dev\\nodejs\\node.exe" "f:\\iotize-projects\\device-api.js\\packages\\device-com-wifi.cordova\\node_modules\\npm\\bin\\npm-cli.js" "run" "build"
15 error node v10.16.0
16 error npm  v2.15.12
17 error code ELIFECYCLE
18 error @iotize/device-com-wifi.cordova@0.0.1-alpha.1 build: `npm run clean && npm run build:ts && npm run build:webpack`
18 error Exit status 1
19 error Failed at the @iotize/device-com-wifi.cordova@0.0.1-alpha.1 build script 'npm run clean && npm run build:ts && npm run build:webpack'.
19 error This is most likely a problem with the @iotize/device-com-wifi.cordova package,
19 error not with npm itself.
19 error Tell the author that this fails on your system:
19 error     npm run clean && npm run build:ts && npm run build:webpack
19 error You can get information on how to open an issue for this project with:
19 error     npm bugs @iotize/device-com-wifi.cordova
19 error Or if that isn't available, you can get their info via:
19 error
19 error     npm owner ls @iotize/device-com-wifi.cordova
19 error There is likely additional logging output above.
20 verbose exit [ 1, true ]
